Determining if the function sgemm_ exists failed with the following output:
Change Dir: /home/dylan/Documents/Reliefs_as_Images/RaI_Cpp/build/CMakeFiles/CMakeTmp

Run Build Command(s):/usr/bin/gmake -f Makefile cmTC_d0f6e/fast && /usr/bin/gmake  -f CMakeFiles/cmTC_d0f6e.dir/build.make CMakeFiles/cmTC_d0f6e.dir/build
gmake[1]: Entering directory '/home/dylan/Documents/Reliefs_as_Images/RaI_Cpp/build/CMakeFiles/CMakeTmp'
Building C object CMakeFiles/cmTC_d0f6e.dir/CheckFunctionExists.c.o
/usr/bin/cc   -DCHECK_FUNCTION_EXISTS=sgemm_ -o CMakeFiles/cmTC_d0f6e.dir/CheckFunctionExists.c.o -c /usr/share/cmake-3.22/Modules/CheckFunctionExists.c
Linking C executable cmTC_d0f6e
/usr/bin/cmake -E cmake_link_script CMakeFiles/cmTC_d0f6e.dir/link.txt --verbose=1
/usr/bin/cc  -DCHECK_FUNCTION_EXISTS=sgemm_ CMakeFiles/cmTC_d0f6e.dir/CheckFunctionExists.c.o -o cmTC_d0f6e 
/usr/bin/ld: CMakeFiles/cmTC_d0f6e.dir/CheckFunctionExists.c.o: in function `main':
CheckFunctionExists.c:(.text+0x14): undefined reference to `sgemm_'
collect2: error: ld returned 1 exit status
gmake[1]: *** [CMakeFiles/cmTC_d0f6e.dir/build.make:99: cmTC_d0f6e] Error 1
gmake[1]: Leaving directory '/home/dylan/Documents/Reliefs_as_Images/RaI_Cpp/build/CMakeFiles/CMakeTmp'
gmake: *** [Makefile:127: cmTC_d0f6e/fast] Error 2



Determining if the function cheev_ exists failed with the following output:
Change Dir: /home/dylan/Documents/Reliefs_as_Images/RaI_Cpp/build/CMakeFiles/CMakeTmp

Run Build Command(s):/usr/bin/gmake -f Makefile cmTC_e7379/fast && /usr/bin/gmake  -f CMakeFiles/cmTC_e7379.dir/build.make CMakeFiles/cmTC_e7379.dir/build
gmake[1]: Entering directory '/home/dylan/Documents/Reliefs_as_Images/RaI_Cpp/build/CMakeFiles/CMakeTmp'
Building C object CMakeFiles/cmTC_e7379.dir/CheckFunctionExists.c.o
/usr/bin/cc   -DCHECK_FUNCTION_EXISTS=cheev_ -o CMakeFiles/cmTC_e7379.dir/CheckFunctionExists.c.o -c /usr/share/cmake-3.22/Modules/CheckFunctionExists.c
Linking C executable cmTC_e7379
/usr/bin/cmake -E cmake_link_script CMakeFiles/cmTC_e7379.dir/link.txt --verbose=1
/usr/bin/cc  -DCHECK_FUNCTION_EXISTS=cheev_ CMakeFiles/cmTC_e7379.dir/CheckFunctionExists.c.o -o cmTC_e7379  /usr/lib/x86_64-linux-gnu/libblas.so /usr/lib/x86_64-linux-gnu/libf77blas.so /usr/lib/x86_64-linux-gnu/libatlas.so -lm -ldl 
/usr/bin/ld: CMakeFiles/cmTC_e7379.dir/CheckFunctionExists.c.o: in function `main':
CheckFunctionExists.c:(.text+0x14): undefined reference to `cheev_'
collect2: error: ld returned 1 exit status
gmake[1]: *** [CMakeFiles/cmTC_e7379.dir/build.make:102: cmTC_e7379] Error 1
gmake[1]: Leaving directory '/home/dylan/Documents/Reliefs_as_Images/RaI_Cpp/build/CMakeFiles/CMakeTmp'
gmake: *** [Makefile:127: cmTC_e7379/fast] Error 2



Determining if the function cheev_ exists failed with the following output:
Change Dir: /home/dylan/Documents/Reliefs_as_Images/RaI_Cpp/build/CMakeFiles/CMakeTmp

Run Build Command(s):/usr/bin/gmake -f Makefile cmTC_06e3f/fast && /usr/bin/gmake  -f CMakeFiles/cmTC_06e3f.dir/build.make CMakeFiles/cmTC_06e3f.dir/build
gmake[1]: Entering directory '/home/dylan/Documents/Reliefs_as_Images/RaI_Cpp/build/CMakeFiles/CMakeTmp'
Building C object CMakeFiles/cmTC_06e3f.dir/CheckFunctionExists.c.o
/usr/bin/cc   -DCHECK_FUNCTION_EXISTS=cheev_ -o CMakeFiles/cmTC_06e3f.dir/CheckFunctionExists.c.o -c /usr/share/cmake-3.22/Modules/CheckFunctionExists.c
Linking C executable cmTC_06e3f
/usr/bin/cmake -E cmake_link_script CMakeFiles/cmTC_06e3f.dir/link.txt --verbose=1
/usr/bin/cc  -DCHECK_FUNCTION_EXISTS=cheev_ CMakeFiles/cmTC_06e3f.dir/CheckFunctionExists.c.o -o cmTC_06e3f  /usr/lib/x86_64-linux-gnu/liblapack.so /usr/lib/x86_64-linux-gnu/libblas.so /usr/lib/x86_64-linux-gnu/libf77blas.so /usr/lib/x86_64-linux-gnu/libatlas.so -fortranlibs 
cc: error: unrecognized command-line option ‘-fortranlibs’
gmake[1]: *** [CMakeFiles/cmTC_06e3f.dir/build.make:103: cmTC_06e3f] Error 1
gmake[1]: Leaving directory '/home/dylan/Documents/Reliefs_as_Images/RaI_Cpp/build/CMakeFiles/CMakeTmp'
gmake: *** [Makefile:127: cmTC_06e3f/fast] Error 2



